<?xml version="1.0" encoding="UTF-8"?>
<!-- Generated by org.testng.reporters.JUnitReportReporter -->
<testsuite hostname="Admin" failures="0" tests="1" name="Alerts" time="5.729" errors="0" timestamp="2023-04-17T12:19:26 IST" skipped="0">
  <testcase classname="Alerts" name="handlingAlert" time="5.729"/>
  <system-out/>
</testsuite> <!-- Alerts -->
